[17-Apr-2023 11:09:44 Asia/Calcutta] Array
(
)

[17-Apr-2023 11:09:44 Asia/Calcutta] Array
(
)

[17-Apr-2023 11:16:29 Asia/Calcutta] Array
(
)

[17-Apr-2023 18:26:54 Asia/Calcutta] Array
(
)

[17-Apr-2023 19:15:26 Asia/Calcutta] Array
(
)

[17-Apr-2023 19:15:33 Asia/Calcutta] Array
(
)

[17-Apr-2023 19:15:40 Asia/Calcutta] Array
(
)

[17-Apr-2023 19:16:34 Asia/Calcutta] Array
(
)

[17-Apr-2023 19:17:27 Asia/Calcutta] Array
(
)

[17-Apr-2023 19:18:11 Asia/Calcutta] Array
(
)

[17-Apr-2023 19:19:29 Asia/Calcutta] Array
(
)

[17-Apr-2023 19:22:53 Asia/Calcutta] Array
(
)

[17-Apr-2023 19:23:36 Asia/Calcutta] Array
(
)

[17-Apr-2023 19:26:59 Asia/Calcutta] Array
(
)

[17-Apr-2023 19:35:06 Asia/Calcutta] Array
(
)

[17-Apr-2023 19:35:17 Asia/Calcutta] Array
(
)

[17-Apr-2023 19:35:27 Asia/Calcutta] Array
(
)

[17-Apr-2023 19:38:23 Asia/Calcutta] Array
(
)

[17-Apr-2023 19:38:35 Asia/Calcutta] Array
(
)

[17-Apr-2023 19:39:01 Asia/Calcutta] Array
(
)

[17-Apr-2023 20:04:21 Asia/Calcutta] Array
(
)

[17-Apr-2023 20:04:45 Asia/Calcutta] Array
(
)

[17-Apr-2023 20:06:17 Asia/Calcutta] Array
(
)

[17-Apr-2023 20:07:14 Asia/Calcutta] Array
(
)

[17-Apr-2023 20:07:22 Asia/Calcutta] Array
(
)

[17-Apr-2023 20:09:52 Asia/Calcutta] Array
(
)

[17-Apr-2023 21:04:17 Asia/Calcutta] Array
(
)

[17-Apr-2023 21:22:41 Asia/Calcutta] Array
(
)

[18-Apr-2023 02:14:35 Asia/Calcutta] Array
(
)

[18-Apr-2023 02:14:39 Asia/Calcutta] Array
(
)

[18-Apr-2023 03:04:38 Asia/Calcutta] Array
(
)

[18-Apr-2023 03:04:41 Asia/Calcutta] Array
(
)

[18-Apr-2023 03:32:36 Asia/Calcutta] Array
(
)

[18-Apr-2023 03:32:45 Asia/Calcutta] Array
(
)

[18-Apr-2023 03:38:31 Asia/Calcutta] Array
(
)

[18-Apr-2023 03:38:40 Asia/Calcutta] Array
(
)

[18-Apr-2023 03:38:57 Asia/Calcutta] Array
(
)

[18-Apr-2023 03:39:03 Asia/Calcutta] Array
(
)

[18-Apr-2023 03:39:06 Asia/Calcutta] Array
(
)

[18-Apr-2023 03:39:57 Asia/Calcutta] Array
(
)

[18-Apr-2023 03:40:53 Asia/Calcutta] Array
(
)

[18-Apr-2023 03:41:03 Asia/Calcutta] Array
(
)

[18-Apr-2023 03:41:06 Asia/Calcutta] Array
(
)

[18-Apr-2023 03:41:30 Asia/Calcutta] Array
(
)

[18-Apr-2023 10:05:57 Asia/Calcutta] Array
(
)

[18-Apr-2023 10:06:12 Asia/Calcutta] Array
(
)

[18-Apr-2023 11:03:33 Asia/Calcutta] Array
(
)

[18-Apr-2023 11:04:31 Asia/Calcutta] Array
(
)

[18-Apr-2023 11:04:43 Asia/Calcutta] Array
(
)

[18-Apr-2023 11:40:27 Asia/Calcutta] Array
(
)

[18-Apr-2023 11:40:38 Asia/Calcutta] Array
(
)

[18-Apr-2023 11:44:16 Asia/Calcutta] Array
(
)

[18-Apr-2023 11:44:24 Asia/Calcutta] Array
(
)

[18-Apr-2023 11:44:53 Asia/Calcutta] Array
(
)

[18-Apr-2023 16:05:26 Asia/Calcutta] Array
(
)

[18-Apr-2023 16:05:32 Asia/Calcutta] Array
(
)

[18-Apr-2023 17:23:13 Asia/Calcutta] Array
(
)

[18-Apr-2023 17:23:16 Asia/Calcutta] Array
(
)

[18-Apr-2023 18:18:24 Asia/Calcutta] Array
(
)

[18-Apr-2023 18:25:52 Asia/Calcutta] Array
(
)

[18-Apr-2023 19:05:25 Asia/Calcutta] Array
(
)

[18-Apr-2023 19:59:30 Asia/Calcutta] Array
(
)

[18-Apr-2023 20:47:44 Asia/Calcutta] Array
(
)

[18-Apr-2023 20:48:23 Asia/Calcutta] Array
(
)

[18-Apr-2023 20:52:37 Asia/Calcutta] Array
(
)

[18-Apr-2023 20:52:54 Asia/Calcutta] Array
(
)

[19-Apr-2023 00:54:39 Asia/Calcutta] Array
(
)

[19-Apr-2023 10:14:57 Asia/Calcutta] Array
(
)

[19-Apr-2023 10:15:04 Asia/Calcutta] Array
(
)

[19-Apr-2023 10:29:16 Asia/Calcutta] Array
(
)

[19-Apr-2023 10:29:20 Asia/Calcutta] Array
(
)

[19-Apr-2023 10:30:43 Asia/Calcutta] Array
(
)

[19-Apr-2023 17:36:39 Asia/Calcutta] Array
(
)

[19-Apr-2023 20:40:21 Asia/Calcutta] Array
(
)

[19-Apr-2023 20:40:28 Asia/Calcutta] Array
(
)

[19-Apr-2023 20:40:34 Asia/Calcutta] Array
(
)

[19-Apr-2023 20:40:58 Asia/Calcutta] Array
(
)

[19-Apr-2023 21:28:45 Asia/Calcutta] Array
(
)

[19-Apr-2023 21:28:48 Asia/Calcutta] PHP Notice:  session_start(): Ignoring session_start() because a session is already active in /var/www/php.dv/includes/database.php on line 2
[19-Apr-2023 21:28:48 Asia/Calcutta] PHP Notice:  session_start(): Ignoring session_start() because a session is already active in /var/www/php.dv/includes/user.php on line 2
[19-Apr-2023 22:43:40 Asia/Calcutta] PHP Notice:  session_start(): Ignoring session_start() because a session is already active in /var/www/php.dv/includes/database.php on line 2
[19-Apr-2023 22:43:40 Asia/Calcutta] PHP Notice:  session_start(): Ignoring session_start() because a session is already active in /var/www/php.dv/includes/user.php on line 2
[19-Apr-2023 22:43:44 Asia/Calcutta] PHP Notice:  session_start(): Ignoring session_start() because a session is already active in /var/www/php.dv/includes/database.php on line 2
[19-Apr-2023 22:43:44 Asia/Calcutta] PHP Notice:  session_start(): Ignoring session_start() because a session is already active in /var/www/php.dv/includes/user.php on line 2
[19-Apr-2023 22:43:46 Asia/Calcutta] PHP Notice:  session_start(): Ignoring session_start() because a session is already active in /var/www/php.dv/includes/database.php on line 2
[19-Apr-2023 22:43:46 Asia/Calcutta] PHP Notice:  session_start(): Ignoring session_start() because a session is already active in /var/www/php.dv/includes/user.php on line 2
[19-Apr-2023 22:43:47 Asia/Calcutta] PHP Notice:  session_start(): Ignoring session_start() because a session is already active in /var/www/php.dv/includes/database.php on line 2
[19-Apr-2023 22:43:47 Asia/Calcutta] PHP Notice:  session_start(): Ignoring session_start() because a session is already active in /var/www/php.dv/includes/user.php on line 2
[19-Apr-2023 22:43:48 Asia/Calcutta] PHP Notice:  session_start(): Ignoring session_start() because a session is already active in /var/www/php.dv/includes/database.php on line 2
[19-Apr-2023 22:43:48 Asia/Calcutta] PHP Notice:  session_start(): Ignoring session_start() because a session is already active in /var/www/php.dv/includes/user.php on line 2
[19-Apr-2023 22:43:48 Asia/Calcutta] PHP Notice:  session_start(): Ignoring session_start() because a session is already active in /var/www/php.dv/includes/database.php on line 2
[19-Apr-2023 22:43:48 Asia/Calcutta] PHP Notice:  session_start(): Ignoring session_start() because a session is already active in /var/www/php.dv/includes/user.php on line 2
[19-Apr-2023 22:43:49 Asia/Calcutta] PHP Notice:  session_start(): Ignoring session_start() because a session is already active in /var/www/php.dv/includes/database.php on line 2
[19-Apr-2023 22:43:49 Asia/Calcutta] PHP Notice:  session_start(): Ignoring session_start() because a session is already active in /var/www/php.dv/includes/user.php on line 2
[19-Apr-2023 22:44:36 Asia/Calcutta] PHP Notice:  session_start(): Ignoring session_start() because a session is already active in /var/www/php.dv/includes/database.php on line 2
[19-Apr-2023 22:44:36 Asia/Calcutta] PHP Notice:  session_start(): Ignoring session_start() because a session is already active in /var/www/php.dv/includes/user.php on line 2
[19-Apr-2023 22:44:36 Asia/Calcutta] PHP Warning:  Undefined array key "confirm-password" in /var/www/php.dv/register/register.php on line 23
[19-Apr-2023 22:45:34 Asia/Calcutta] PHP Notice:  session_start(): Ignoring session_start() because a session is already active in /var/www/php.dv/includes/database.php on line 2
[19-Apr-2023 22:45:34 Asia/Calcutta] PHP Notice:  session_start(): Ignoring session_start() because a session is already active in /var/www/php.dv/includes/user.php on line 2
[19-Apr-2023 22:45:34 Asia/Calcutta] PHP Warning:  Undefined variable $root in /var/www/php.dv/register/register.php on line 31
[19-Apr-2023 22:45:45 Asia/Calcutta] PHP Notice:  session_start(): Ignoring session_start() because a session is already active in /var/www/php.dv/includes/database.php on line 2
[19-Apr-2023 22:45:45 Asia/Calcutta] PHP Notice:  session_start(): Ignoring session_start() because a session is already active in /var/www/php.dv/includes/user.php on line 2
[19-Apr-2023 22:45:45 Asia/Calcutta] PHP Warning:  Undefined variable $root in /var/www/php.dv/register/register.php on line 31
[19-Apr-2023 22:45:47 Asia/Calcutta] PHP Notice:  session_start(): Ignoring session_start() because a session is already active in /var/www/php.dv/includes/database.php on line 2
[19-Apr-2023 22:45:47 Asia/Calcutta] PHP Notice:  session_start(): Ignoring session_start() because a session is already active in /var/www/php.dv/includes/user.php on line 2
[19-Apr-2023 22:45:48 Asia/Calcutta] Array
(
)

[19-Apr-2023 22:45:51 Asia/Calcutta] Array
(
)

[19-Apr-2023 22:45:53 Asia/Calcutta] PHP Notice:  session_start(): Ignoring session_start() because a session is already active in /var/www/php.dv/includes/database.php on line 2
[19-Apr-2023 22:45:53 Asia/Calcutta] PHP Notice:  session_start(): Ignoring session_start() because a session is already active in /var/www/php.dv/includes/user.php on line 2
[19-Apr-2023 22:46:22 Asia/Calcutta] PHP Notice:  session_start(): Ignoring session_start() because a session is already active in /var/www/php.dv/includes/database.php on line 2
[19-Apr-2023 22:46:22 Asia/Calcutta] PHP Notice:  session_start(): Ignoring session_start() because a session is already active in /var/www/php.dv/includes/user.php on line 2
[19-Apr-2023 22:46:22 Asia/Calcutta] PHP Warning:  Undefined variable $root in /var/www/php.dv/register/register.php on line 31
[19-Apr-2023 22:47:26 Asia/Calcutta] PHP Notice:  session_start(): Ignoring session_start() because a session is already active in /var/www/php.dv/includes/database.php on line 2
[19-Apr-2023 22:47:26 Asia/Calcutta] PHP Notice:  session_start(): Ignoring session_start() because a session is already active in /var/www/php.dv/includes/user.php on line 2
[19-Apr-2023 22:47:29 Asia/Calcutta] PHP Notice:  session_start(): Ignoring session_start() because a session is already active in /var/www/php.dv/includes/database.php on line 2
[19-Apr-2023 22:47:29 Asia/Calcutta] PHP Notice:  session_start(): Ignoring session_start() because a session is already active in /var/www/php.dv/includes/user.php on line 2
[19-Apr-2023 22:47:29 Asia/Calcutta] Array
(
)

[19-Apr-2023 22:47:32 Asia/Calcutta] PHP Notice:  session_start(): Ignoring session_start() because a session is already active in /var/www/php.dv/includes/database.php on line 2
[19-Apr-2023 22:47:32 Asia/Calcutta] PHP Notice:  session_start(): Ignoring session_start() because a session is already active in /var/www/php.dv/includes/user.php on line 2
[19-Apr-2023 22:47:56 Asia/Calcutta] PHP Notice:  session_start(): Ignoring session_start() because a session is already active in /var/www/php.dv/includes/database.php on line 2
[19-Apr-2023 22:47:56 Asia/Calcutta] PHP Notice:  session_start(): Ignoring session_start() because a session is already active in /var/www/php.dv/includes/user.php on line 2
[19-Apr-2023 23:02:41 Asia/Calcutta] PHP Notice:  session_start(): Ignoring session_start() because a session is already active in /var/www/php.dv/includes/database.php on line 2
[19-Apr-2023 23:02:41 Asia/Calcutta] PHP Notice:  session_start(): Ignoring session_start() because a session is already active in /var/www/php.dv/includes/user.php on line 2
[19-Apr-2023 23:02:43 Asia/Calcutta] PHP Notice:  session_start(): Ignoring session_start() because a session is already active in /var/www/php.dv/includes/database.php on line 2
[19-Apr-2023 23:02:43 Asia/Calcutta] PHP Notice:  session_start(): Ignoring session_start() because a session is already active in /var/www/php.dv/includes/user.php on line 2
[19-Apr-2023 23:02:45 Asia/Calcutta] PHP Notice:  session_start(): Ignoring session_start() because a session is already active in /var/www/php.dv/includes/database.php on line 2
[19-Apr-2023 23:02:45 Asia/Calcutta] PHP Notice:  session_start(): Ignoring session_start() because a session is already active in /var/www/php.dv/includes/user.php on line 2
[19-Apr-2023 23:02:46 Asia/Calcutta] PHP Notice:  session_start(): Ignoring session_start() because a session is already active in /var/www/php.dv/includes/database.php on line 2
[19-Apr-2023 23:02:46 Asia/Calcutta] PHP Notice:  session_start(): Ignoring session_start() because a session is already active in /var/www/php.dv/includes/user.php on line 2
[19-Apr-2023 23:03:14 Asia/Calcutta] PHP Notice:  session_start(): Ignoring session_start() because a session is already active in /var/www/php.dv/includes/database.php on line 2
[19-Apr-2023 23:03:14 Asia/Calcutta] PHP Notice:  session_start(): Ignoring session_start() because a session is already active in /var/www/php.dv/includes/user.php on line 2
[19-Apr-2023 23:03:28 Asia/Calcutta] PHP Notice:  session_start(): Ignoring session_start() because a session is already active in /var/www/php.dv/includes/database.php on line 2
[19-Apr-2023 23:03:28 Asia/Calcutta] PHP Notice:  session_start(): Ignoring session_start() because a session is already active in /var/www/php.dv/includes/user.php on line 2
[19-Apr-2023 23:03:59 Asia/Calcutta] PHP Notice:  session_start(): Ignoring session_start() because a session is already active in /var/www/php.dv/includes/database.php on line 2
[19-Apr-2023 23:03:59 Asia/Calcutta] PHP Notice:  session_start(): Ignoring session_start() because a session is already active in /var/www/php.dv/includes/user.php on line 2
[19-Apr-2023 23:04:00 Asia/Calcutta] Array
(
)

[19-Apr-2023 23:04:02 Asia/Calcutta] PHP Notice:  session_start(): Ignoring session_start() because a session is already active in /var/www/php.dv/includes/database.php on line 2
[19-Apr-2023 23:04:02 Asia/Calcutta] PHP Notice:  session_start(): Ignoring session_start() because a session is already active in /var/www/php.dv/includes/user.php on line 2
[19-Apr-2023 23:04:34 Asia/Calcutta] PHP Notice:  session_start(): Ignoring session_start() because a session is already active in /var/www/php.dv/includes/database.php on line 2
[19-Apr-2023 23:04:34 Asia/Calcutta] PHP Notice:  session_start(): Ignoring session_start() because a session is already active in /var/www/php.dv/includes/user.php on line 2
[19-Apr-2023 23:04:37 Asia/Calcutta] PHP Notice:  session_start(): Ignoring session_start() because a session is already active in /var/www/php.dv/includes/database.php on line 2
[19-Apr-2023 23:04:37 Asia/Calcutta] PHP Notice:  session_start(): Ignoring session_start() because a session is already active in /var/www/php.dv/includes/user.php on line 2
[19-Apr-2023 23:04:39 Asia/Calcutta] PHP Notice:  session_start(): Ignoring session_start() because a session is already active in /var/www/php.dv/includes/database.php on line 2
[19-Apr-2023 23:04:39 Asia/Calcutta] PHP Notice:  session_start(): Ignoring session_start() because a session is already active in /var/www/php.dv/includes/user.php on line 2
[19-Apr-2023 23:04:39 Asia/Calcutta] PHP Notice:  session_start(): Ignoring session_start() because a session is already active in /var/www/php.dv/includes/database.php on line 2
[19-Apr-2023 23:04:39 Asia/Calcutta] PHP Notice:  session_start(): Ignoring session_start() because a session is already active in /var/www/php.dv/includes/user.php on line 2
[19-Apr-2023 23:17:00 Asia/Calcutta] Array
(
)

[19-Apr-2023 23:20:33 Asia/Calcutta] Array
(
)

[19-Apr-2023 23:21:45 Asia/Calcutta] Array
(
)

[19-Apr-2023 23:22:11 Asia/Calcutta] Array
(
)

[20-Apr-2023 01:47:02 Asia/Calcutta] Array
(
)

[20-Apr-2023 01:49:51 Asia/Calcutta] Array
(
)

[20-Apr-2023 02:13:09 Asia/Calcutta] Array
(
)

[20-Apr-2023 02:19:38 Asia/Calcutta] Array
(
)

[20-Apr-2023 02:19:46 Asia/Calcutta] Array
(
)

[20-Apr-2023 02:23:35 Asia/Calcutta] Array
(
)

[20-Apr-2023 02:25:48 Asia/Calcutta] Array
(
)

[20-Apr-2023 02:25:55 Asia/Calcutta] Array
(
)

[20-Apr-2023 02:29:59 Asia/Calcutta] Array
(
)

[20-Apr-2023 02:30:01 Asia/Calcutta] Array
(
)

[20-Apr-2023 02:30:02 Asia/Calcutta] Array
(
)

[20-Apr-2023 02:30:03 Asia/Calcutta] Array
(
)

[20-Apr-2023 02:30:03 Asia/Calcutta] Array
(
)

[20-Apr-2023 02:30:04 Asia/Calcutta] Array
(
)

[20-Apr-2023 02:30:04 Asia/Calcutta] Array
(
)

[20-Apr-2023 02:30:05 Asia/Calcutta] Array
(
)

[20-Apr-2023 02:30:05 Asia/Calcutta] Array
(
)

[20-Apr-2023 02:30:05 Asia/Calcutta] Array
(
)

[20-Apr-2023 02:30:05 Asia/Calcutta] Array
(
)

[20-Apr-2023 02:30:05 Asia/Calcutta] Array
(
)

[20-Apr-2023 02:30:06 Asia/Calcutta] Array
(
)

[20-Apr-2023 02:30:06 Asia/Calcutta] Array
(
)

[20-Apr-2023 02:30:06 Asia/Calcutta] Array
(
)

[20-Apr-2023 02:30:06 Asia/Calcutta] Array
(
)

[20-Apr-2023 02:30:07 Asia/Calcutta] Array
(
)

[20-Apr-2023 02:30:07 Asia/Calcutta] Array
(
)

[20-Apr-2023 02:30:07 Asia/Calcutta] Array
(
)

[20-Apr-2023 02:30:07 Asia/Calcutta] Array
(
)

[20-Apr-2023 02:30:07 Asia/Calcutta] Array
(
)

[20-Apr-2023 02:30:08 Asia/Calcutta] Array
(
)

[20-Apr-2023 02:30:08 Asia/Calcutta] Array
(
)

[20-Apr-2023 02:30:08 Asia/Calcutta] Array
(
)

[20-Apr-2023 02:30:08 Asia/Calcutta] Array
(
)

[20-Apr-2023 02:30:09 Asia/Calcutta] Array
(
)

[20-Apr-2023 02:30:09 Asia/Calcutta] Array
(
)

[20-Apr-2023 02:30:09 Asia/Calcutta] Array
(
)

[20-Apr-2023 02:30:09 Asia/Calcutta] Array
(
)

[20-Apr-2023 02:32:33 Asia/Calcutta] Array
(
)

[20-Apr-2023 02:32:35 Asia/Calcutta] Array
(
)

[20-Apr-2023 02:32:35 Asia/Calcutta] Array
(
)

[20-Apr-2023 02:32:36 Asia/Calcutta] Array
(
)

[20-Apr-2023 02:32:36 Asia/Calcutta] Array
(
)

[20-Apr-2023 02:32:37 Asia/Calcutta] Array
(
)

[20-Apr-2023 02:32:37 Asia/Calcutta] Array
(
)

[20-Apr-2023 02:32:37 Asia/Calcutta] Array
(
)

[20-Apr-2023 02:32:37 Asia/Calcutta] Array
(
)

[20-Apr-2023 02:32:37 Asia/Calcutta] Array
(
)

[20-Apr-2023 02:32:38 Asia/Calcutta] Array
(
)

[20-Apr-2023 02:32:38 Asia/Calcutta] Array
(
)

[20-Apr-2023 02:32:38 Asia/Calcutta] Array
(
)

[20-Apr-2023 02:32:38 Asia/Calcutta] Array
(
)

[20-Apr-2023 02:32:38 Asia/Calcutta] Array
(
)

[20-Apr-2023 02:32:39 Asia/Calcutta] Array
(
)

[20-Apr-2023 02:32:39 Asia/Calcutta] Array
(
)

[20-Apr-2023 02:32:39 Asia/Calcutta] Array
(
)

[20-Apr-2023 02:32:39 Asia/Calcutta] Array
(
)

[20-Apr-2023 02:32:39 Asia/Calcutta] Array
(
)

[20-Apr-2023 02:32:40 Asia/Calcutta] Array
(
)

[20-Apr-2023 02:32:40 Asia/Calcutta] Array
(
)

[20-Apr-2023 02:32:40 Asia/Calcutta] Array
(
)

[20-Apr-2023 02:32:41 Asia/Calcutta] Array
(
)

[20-Apr-2023 02:32:41 Asia/Calcutta] Array
(
)

[20-Apr-2023 02:32:42 Asia/Calcutta] Array
(
)

[20-Apr-2023 02:32:43 Asia/Calcutta] Array
(
)

[20-Apr-2023 02:32:43 Asia/Calcutta] Array
(
)

[20-Apr-2023 02:32:44 Asia/Calcutta] Array
(
)

[20-Apr-2023 02:32:45 Asia/Calcutta] Array
(
)

[20-Apr-2023 02:32:46 Asia/Calcutta] Array
(
)

[20-Apr-2023 02:32:56 Asia/Calcutta] Array
(
)

[20-Apr-2023 02:34:31 Asia/Calcutta] Array
(
)

[20-Apr-2023 02:34:43 Asia/Calcutta] Array
(
)

[20-Apr-2023 02:38:48 Asia/Calcutta] Array
(
)

[20-Apr-2023 02:39:10 Asia/Calcutta] Array
(
)

[20-Apr-2023 02:40:10 Asia/Calcutta] Array
(
)

[20-Apr-2023 02:40:11 Asia/Calcutta] Array
(
)

[20-Apr-2023 02:59:26 Asia/Calcutta] Array
(
)

[20-Apr-2023 02:59:32 Asia/Calcutta] Array
(
)

[20-Apr-2023 03:00:07 Asia/Calcutta] Array
(
)

[20-Apr-2023 03:00:35 Asia/Calcutta] Array
(
)

[20-Apr-2023 03:00:46 Asia/Calcutta] Array
(
)

[20-Apr-2023 03:02:21 Asia/Calcutta] Array
(
)

[20-Apr-2023 03:02:22 Asia/Calcutta] Array
(
)

[20-Apr-2023 03:02:23 Asia/Calcutta] Array
(
)

[20-Apr-2023 03:02:24 Asia/Calcutta] Array
(
)

[20-Apr-2023 03:02:24 Asia/Calcutta] Array
(
)

[20-Apr-2023 03:03:44 Asia/Calcutta] Array
(
)

[20-Apr-2023 03:03:45 Asia/Calcutta] Array
(
)

[20-Apr-2023 03:03:46 Asia/Calcutta] Array
(
)

[20-Apr-2023 03:04:23 Asia/Calcutta] Array
(
)

[20-Apr-2023 03:04:24 Asia/Calcutta] Array
(
)

[20-Apr-2023 03:04:25 Asia/Calcutta] Array
(
)

[20-Apr-2023 03:05:46 Asia/Calcutta] Array
(
)

[20-Apr-2023 03:06:49 Asia/Calcutta] Array
(
)

[20-Apr-2023 03:07:25 Asia/Calcutta] Array
(
)

[20-Apr-2023 03:21:09 Asia/Calcutta] Array
(
)

[20-Apr-2023 03:21:22 Asia/Calcutta] Array
(
)

[20-Apr-2023 03:26:29 Asia/Calcutta] Array
(
)

[20-Apr-2023 03:35:19 Asia/Calcutta] Array
(
)

[20-Apr-2023 03:35:21 Asia/Calcutta] Array
(
)

[20-Apr-2023 03:56:59 Asia/Calcutta] Array
(
)

[20-Apr-2023 03:57:18 Asia/Calcutta] Array
(
)

[20-Apr-2023 03:57:40 Asia/Calcutta] Array
(
)

[20-Apr-2023 03:57:44 Asia/Calcutta] Array
(
)

[20-Apr-2023 03:57:54 Asia/Calcutta] Array
(
)

[20-Apr-2023 04:21:41 Asia/Calcutta] Array
(
)

[20-Apr-2023 04:22:26 Asia/Calcutta] Array
(
)

[20-Apr-2023 04:22:31 Asia/Calcutta] Array
(
)

[20-Apr-2023 04:23:04 Asia/Calcutta] Array
(
)

[20-Apr-2023 04:23:15 Asia/Calcutta] Array
(
)

[20-Apr-2023 04:23:30 Asia/Calcutta] Array
(
)

[20-Apr-2023 04:23:48 Asia/Calcutta] Array
(
)

[20-Apr-2023 04:24:19 Asia/Calcutta] Array
(
)

[20-Apr-2023 04:45:02 Asia/Calcutta] Array
(
)

[20-Apr-2023 04:45:04 Asia/Calcutta] Array
(
)

[20-Apr-2023 04:45:23 Asia/Calcutta] Array
(
)

[20-Apr-2023 04:45:31 Asia/Calcutta] Array
(
)

[20-Apr-2023 04:46:24 Asia/Calcutta] Array
(
)

[20-Apr-2023 04:53:09 Asia/Calcutta] Array
(
)

[20-Apr-2023 04:53:11 Asia/Calcutta] Array
(
)

[20-Apr-2023 04:53:38 Asia/Calcutta] Array
(
)

[20-Apr-2023 04:54:03 Asia/Calcutta] Array
(
)

